<?xml version="1.0" encoding="UTF-8"?>
<coverage generated="1581863363209" clover="3.2.0">
  <project timestamp="1581863363209" name="All files">
    <metrics statements="66" coveredstatements="66" conditionals="26" coveredconditionals="26" methods="9" coveredmethods="9" elements="101" coveredelements="101" complexity="0" loc="66" ncloc="66" packages="3" files="9" classes="9">
      <package name="react-eyedrop">
        <metrics statements="1" coveredstatements="1" conditionals="0" coveredconditionals="0" methods="0" coveredmethods="0"/>
        <file name="setupEnzyme.js" path="/home/mango/code/react-eyedrop/setupEnzyme.js">
          <metrics statements="1" coveredstatements="1" conditionals="0" coveredconditionals="0" methods="0" coveredmethods="0"/>
          <line num="4" count="7" type="stmt"/>
        </file>
      </package>
      <package name="react-eyedrop.src">
        <metrics statements="59" coveredstatements="59" conditionals="26" coveredconditionals="26" methods="9" coveredmethods="9"/>
        <file name="calc-average-color.js" path="/home/mango/code/react-eyedrop/src/calc-average-color.js">
          <metrics statements="14" coveredstatements="14" conditionals="8" coveredconditionals="8" methods="2" coveredmethods="2"/>
          <line num="9" count="1" type="stmt"/>
          <line num="10" count="6" type="stmt"/>
          <line num="12" count="6" type="cond" truecount="4" falsecount="0"/>
          <line num="13" count="3" type="stmt"/>
          <line num="16" count="3" type="cond" truecount="2" falsecount="0"/>
          <line num="17" count="1" type="stmt"/>
          <line num="20" count="2" type="cond" truecount="2" falsecount="0"/>
          <line num="21" count="1" type="stmt"/>
          <line num="24" count="1" type="stmt"/>
          <line num="25" count="2" type="stmt"/>
          <line num="26" count="2" type="stmt"/>
          <line num="27" count="2" type="stmt"/>
          <line num="28" count="2" type="stmt"/>
          <line num="31" count="1" type="stmt"/>
        </file>
        <file name="get-canvas-block-colors.js" path="/home/mango/code/react-eyedrop/src/get-canvas-block-colors.js">
          <metrics statements="11" coveredstatements="11" conditionals="2" coveredconditionals="2" methods="1" coveredmethods="1"/>
          <line num="7" count="1" type="stmt"/>
          <line num="14" count="2" type="cond" truecount="2" falsecount="0"/>
          <line num="15" count="1" type="stmt"/>
          <line num="17" count="1" type="stmt"/>
          <line num="19" count="1" type="stmt"/>
          <line num="28" count="1" type="stmt"/>
          <line num="35" count="1" type="stmt"/>
          <line num="36" count="1" type="stmt"/>
          <line num="37" count="225" type="stmt"/>
          <line num="38" count="225" type="stmt"/>
          <line num="40" count="1" type="stmt"/>
        </file>
        <file name="image-to-canvas.js" path="/home/mango/code/react-eyedrop/src/image-to-canvas.js">
          <metrics statements="9" coveredstatements="9" conditionals="2" coveredconditionals="2" methods="1" coveredmethods="1"/>
          <line num="5" count="1" type="stmt"/>
          <line num="6" count="2" type="cond" truecount="2" falsecount="0"/>
          <line num="7" count="1" type="stmt"/>
          <line num="9" count="1" type="stmt"/>
          <line num="10" count="1" type="stmt"/>
          <line num="11" count="1" type="stmt"/>
          <line num="12" count="1" type="stmt"/>
          <line num="13" count="1" type="stmt"/>
          <line num="14" count="1" type="stmt"/>
        </file>
        <file name="parse-rgb.js" path="/home/mango/code/react-eyedrop/src/parse-rgb.js">
          <metrics statements="1" coveredstatements="1" conditionals="0" coveredconditionals="0" methods="1" coveredmethods="1"/>
          <line num="5" count="2" type="stmt"/>
        </file>
        <file name="rgb-to-hex.js" path="/home/mango/code/react-eyedrop/src/rgb-to-hex.js">
          <metrics statements="11" coveredstatements="11" conditionals="2" coveredconditionals="2" methods="2" coveredmethods="2"/>
          <line num="5" count="1" type="stmt"/>
          <line num="6" count="6" type="stmt"/>
          <line num="7" count="6" type="cond" truecount="2" falsecount="0"/>
          <line num="8" count="3" type="stmt"/>
          <line num="10" count="6" type="stmt"/>
          <line num="13" count="1" type="stmt"/>
          <line num="18" count="2" type="stmt"/>
          <line num="19" count="2" type="stmt"/>
          <line num="20" count="2" type="stmt"/>
          <line num="21" count="2" type="stmt"/>
          <line num="22" count="2" type="stmt"/>
        </file>
        <file name="validate-canvas-extraction-values.js" path="/home/mango/code/react-eyedrop/src/validate-canvas-extraction-values.js">
          <metrics statements="8" coveredstatements="8" conditionals="8" coveredconditionals="8" methods="1" coveredmethods="1"/>
          <line num="12" count="2" type="stmt"/>
          <line num="21" count="5" type="stmt"/>
          <line num="23" count="5" type="stmt"/>
          <line num="25" count="5" type="cond" truecount="2" falsecount="0"/>
          <line num="26" count="5" type="cond" truecount="2" falsecount="0"/>
          <line num="27" count="5" type="cond" truecount="2" falsecount="0"/>
          <line num="28" count="5" type="cond" truecount="2" falsecount="0"/>
          <line num="30" count="5" type="stmt"/>
        </file>
        <file name="validate-pick-radius.js" path="/home/mango/code/react-eyedrop/src/validate-pick-radius.js">
          <metrics statements="5" coveredstatements="5" conditionals="4" coveredconditionals="4" methods="1" coveredmethods="1"/>
          <line num="5" count="1" type="stmt"/>
          <line num="6" count="1" type="stmt"/>
          <line num="8" count="1" type="stmt"/>
          <line num="9" count="3" type="cond" truecount="4" falsecount="0"/>
          <line num="10" count="2" type="stmt"/>
        </file>
      </package>
      <package name="react-eyedrop.src.constants">
        <metrics statements="6" coveredstatements="6" conditionals="0" coveredconditionals="0" methods="0" coveredmethods="0"/>
        <file name="errors.js" path="/home/mango/code/react-eyedrop/src/constants/errors.js">
          <metrics statements="6" coveredstatements="6" conditionals="0" coveredconditionals="0" methods="0" coveredmethods="0"/>
          <line num="3" count="4" type="stmt"/>
          <line num="19" count="4" type="stmt"/>
          <line num="21" count="4" type="stmt"/>
          <line num="23" count="4" type="stmt"/>
          <line num="25" count="4" type="stmt"/>
          <line num="27" count="4" type="stmt"/>
        </file>
      </package>
    </metrics>
  </project>
</coverage>
