{"/home/mango/code/react-eyedrop/setupEnzyme.js": {"path":"/home/mango/code/react-eyedrop/setupEnzyme.js","statementMap":{"0":{"start":{"line":4,"column":0},"end":{"line":4,"column":44}}},"fnMap":{},"branchMap":{},"s":{"0":7},"f":{},"b":{},"_coverageSchema":"332fd63041d2c1bcb487cc26dd0d5f7d97098a6c","hash":"616eae87f3495646c473c600a4a7e95f8213d04b"}
,"/home/mango/code/react-eyedrop/src/calc-average-color.js": {"path":"/home/mango/code/react-eyedrop/src/calc-average-color.js","statementMap":{"0":{"start":{"line":9,"column":32},"end":{"line":32,"column":1}},"1":{"start":{"line":10,"column":22},"end":{"line":10,"column":39}},"2":{"start":{"line":12,"column":2},"end":{"line":14,"column":3}},"3":{"start":{"line":13,"column":4},"end":{"line":13,"column":37}},"4":{"start":{"line":16,"column":2},"end":{"line":18,"column":3}},"5":{"start":{"line":17,"column":4},"end":{"line":17,"column":33}},"6":{"start":{"line":20,"column":2},"end":{"line":22,"column":3}},"7":{"start":{"line":21,"column":4},"end":{"line":21,"column":24}},"8":{"start":{"line":24,"column":21},"end":{"line":29,"column":15}},"9":{"start":{"line":25,"column":4},"end":{"line":25,"column":54}},"10":{"start":{"line":26,"column":4},"end":{"line":26,"column":54}},"11":{"start":{"line":27,"column":4},"end":{"line":27,"column":54}},"12":{"start":{"line":28,"column":4},"end":{"line":28,"column":17}},"13":{"start":{"line":31,"column":2},"end":{"line":31,"column":65}}},"fnMap":{"0":{"name":"(anonymous_0)","decl":{"start":{"line":9,"column":32},"end":{"line":9,"column":33}},"loc":{"start":{"line":9,"column":71},"end":{"line":32,"column":1}},"line":9},"1":{"name":"(anonymous_1)","decl":{"start":{"line":24,"column":39},"end":{"line":24,"column":40}},"loc":{"start":{"line":24,"column":62},"end":{"line":29,"column":3}},"line":24}},"branchMap":{"0":{"loc":{"start":{"line":12,"column":2},"end":{"line":14,"column":3}},"type":"if","locations":[{"start":{"line":12,"column":2},"end":{"line":14,"column":3}},{"start":{"line":12,"column":2},"end":{"line":14,"column":3}}],"line":12},"1":{"loc":{"start":{"line":12,"column":5},"end":{"line":12,"column":79}},"type":"binary-expr","locations":[{"start":{"line":12,"column":5},"end":{"line":12,"column":35}},{"start":{"line":12,"column":39},"end":{"line":12,"column":79}}],"line":12},"2":{"loc":{"start":{"line":16,"column":2},"end":{"line":18,"column":3}},"type":"if","locations":[{"start":{"line":16,"column":2},"end":{"line":18,"column":3}},{"start":{"line":16,"column":2},"end":{"line":18,"column":3}}],"line":16},"3":{"loc":{"start":{"line":20,"column":2},"end":{"line":22,"column":3}},"type":"if","locations":[{"start":{"line":20,"column":2},"end":{"line":22,"column":3}},{"start":{"line":20,"column":2},"end":{"line":22,"column":3}}],"line":20}},"s":{"0":1,"1":6,"2":6,"3":3,"4":3,"5":1,"6":2,"7":1,"8":1,"9":2,"10":2,"11":2,"12":2,"13":1},"f":{"0":6,"1":2},"b":{"0":[3,3],"1":[6,4],"2":[1,2],"3":[1,1]},"_coverageSchema":"332fd63041d2c1bcb487cc26dd0d5f7d97098a6c","hash":"89290d2187735d75406c4c76f9738cc07961f62d"}
,"/home/mango/code/react-eyedrop/src/get-canvas-block-colors.js": {"path":"/home/mango/code/react-eyedrop/src/get-canvas-block-colors.js","statementMap":{"0":{"start":{"line":7,"column":36},"end":{"line":41,"column":1}},"1":{"start":{"line":14,"column":2},"end":{"line":16,"column":3}},"2":{"start":{"line":15,"column":4},"end":{"line":15,"column":34}},"3":{"start":{"line":17,"column":14},"end":{"line":17,"column":37}},"4":{"start":{"line":19,"column":36},"end":{"line":26,"column":4}},"5":{"start":{"line":28,"column":20},"end":{"line":33,"column":8}},"6":{"start":{"line":35,"column":19},"end":{"line":35,"column":21}},"7":{"start":{"line":36,"column":2},"end":{"line":39,"column":3}},"8":{"start":{"line":37,"column":25},"end":{"line":37,"column":50}},"9":{"start":{"line":38,"column":4},"end":{"line":38,"column":41}},"10":{"start":{"line":40,"column":2},"end":{"line":40,"column":19}}},"fnMap":{"0":{"name":"(anonymous_0)","decl":{"start":{"line":7,"column":36},"end":{"line":7,"column":37}},"loc":{"start":{"line":13,"column":20},"end":{"line":41,"column":1}},"line":13}},"branchMap":{"0":{"loc":{"start":{"line":14,"column":2},"end":{"line":16,"column":3}},"type":"if","locations":[{"start":{"line":14,"column":2},"end":{"line":16,"column":3}},{"start":{"line":14,"column":2},"end":{"line":16,"column":3}}],"line":14}},"s":{"0":1,"1":2,"2":1,"3":1,"4":1,"5":1,"6":1,"7":1,"8":225,"9":225,"10":1},"f":{"0":2},"b":{"0":[1,1]},"_coverageSchema":"332fd63041d2c1bcb487cc26dd0d5f7d97098a6c","hash":"4fa6d9e3278cffd80507d481dedf64fab8daeb69"}
,"/home/mango/code/react-eyedrop/src/image-to-canvas.js": {"path":"/home/mango/code/react-eyedrop/src/image-to-canvas.js","statementMap":{"0":{"start":{"line":5,"column":29},"end":{"line":15,"column":1}},"1":{"start":{"line":6,"column":2},"end":{"line":8,"column":3}},"2":{"start":{"line":7,"column":4},"end":{"line":7,"column":40}},"3":{"start":{"line":9,"column":24},"end":{"line":9,"column":56}},"4":{"start":{"line":10,"column":2},"end":{"line":10,"column":41}},"5":{"start":{"line":11,"column":2},"end":{"line":11,"column":43}},"6":{"start":{"line":12,"column":18},"end":{"line":12,"column":48}},"7":{"start":{"line":13,"column":2},"end":{"line":13,"column":77}},"8":{"start":{"line":14,"column":2},"end":{"line":14,"column":22}}},"fnMap":{"0":{"name":"(anonymous_0)","decl":{"start":{"line":5,"column":29},"end":{"line":5,"column":30}},"loc":{"start":{"line":5,"column":64},"end":{"line":15,"column":1}},"line":5}},"branchMap":{"0":{"loc":{"start":{"line":6,"column":2},"end":{"line":8,"column":3}},"type":"if","locations":[{"start":{"line":6,"column":2},"end":{"line":8,"column":3}},{"start":{"line":6,"column":2},"end":{"line":8,"column":3}}],"line":6}},"s":{"0":1,"1":2,"2":1,"3":1,"4":1,"5":1,"6":1,"7":1,"8":1},"f":{"0":2},"b":{"0":[1,1]},"_coverageSchema":"332fd63041d2c1bcb487cc26dd0d5f7d97098a6c","hash":"33d2049a6b3abe48b25ed99822eab542d5b5ff01"}
,"/home/mango/code/react-eyedrop/src/parse-rgb.js": {"path":"/home/mango/code/react-eyedrop/src/parse-rgb.js","statementMap":{"0":{"start":{"line":5,"column":24},"end":{"line":5,"column":72}},"1":{"start":{"line":5,"column":49},"end":{"line":5,"column":72}}},"fnMap":{"0":{"name":"(anonymous_0)","decl":{"start":{"line":5,"column":24},"end":{"line":5,"column":25}},"loc":{"start":{"line":5,"column":49},"end":{"line":5,"column":72}},"line":5}},"branchMap":{},"s":{"0":1,"1":2},"f":{"0":2},"b":{},"_coverageSchema":"332fd63041d2c1bcb487cc26dd0d5f7d97098a6c","hash":"16804bcf7c3bc8dfb1abd154e01db7e9823bb366"}
,"/home/mango/code/react-eyedrop/src/rgb-to-hex.js": {"path":"/home/mango/code/react-eyedrop/src/rgb-to-hex.js","statementMap":{"0":{"start":{"line":5,"column":20},"end":{"line":11,"column":1}},"1":{"start":{"line":6,"column":12},"end":{"line":6,"column":28}},"2":{"start":{"line":7,"column":2},"end":{"line":9,"column":3}},"3":{"start":{"line":8,"column":4},"end":{"line":8,"column":19}},"4":{"start":{"line":10,"column":2},"end":{"line":10,"column":12}},"5":{"start":{"line":13,"column":24},"end":{"line":23,"column":1}},"6":{"start":{"line":18,"column":6},"end":{"line":18,"column":12}},"7":{"start":{"line":19,"column":14},"end":{"line":19,"column":28}},"8":{"start":{"line":20,"column":16},"end":{"line":20,"column":30}},"9":{"start":{"line":21,"column":15},"end":{"line":21,"column":29}},"10":{"start":{"line":22,"column":2},"end":{"line":22,"column":33}}},"fnMap":{"0":{"name":"(anonymous_0)","decl":{"start":{"line":5,"column":20},"end":{"line":5,"column":21}},"loc":{"start":{"line":5,"column":37},"end":{"line":11,"column":1}},"line":5},"1":{"name":"(anonymous_1)","decl":{"start":{"line":13,"column":24},"end":{"line":13,"column":25}},"loc":{"start":{"line":13,"column":44},"end":{"line":23,"column":1}},"line":13}},"branchMap":{"0":{"loc":{"start":{"line":7,"column":2},"end":{"line":9,"column":3}},"type":"if","locations":[{"start":{"line":7,"column":2},"end":{"line":9,"column":3}},{"start":{"line":7,"column":2},"end":{"line":9,"column":3}}],"line":7}},"s":{"0":1,"1":6,"2":6,"3":3,"4":6,"5":1,"6":2,"7":2,"8":2,"9":2,"10":2},"f":{"0":6,"1":2},"b":{"0":[3,3]},"_coverageSchema":"332fd63041d2c1bcb487cc26dd0d5f7d97098a6c","hash":"af96c2de06f75e3c0f08f7895043a9f3b2126edf"}
,"/home/mango/code/react-eyedrop/src/validate-canvas-extraction-values.js": {"path":"/home/mango/code/react-eyedrop/src/validate-canvas-extraction-values.js","statementMap":{"0":{"start":{"line":12,"column":46},"end":{"line":31,"column":1}},"1":{"start":{"line":21,"column":6},"end":{"line":21,"column":22}},"2":{"start":{"line":23,"column":30},"end":{"line":23,"column":53}},"3":{"start":{"line":25,"column":2},"end":{"line":25,"column":42}},"4":{"start":{"line":25,"column":15},"end":{"line":25,"column":40}},"5":{"start":{"line":26,"column":2},"end":{"line":26,"column":42}},"6":{"start":{"line":26,"column":15},"end":{"line":26,"column":40}},"7":{"start":{"line":27,"column":2},"end":{"line":27,"column":90}},"8":{"start":{"line":27,"column":39},"end":{"line":27,"column":88}},"9":{"start":{"line":28,"column":2},"end":{"line":28,"column":94}},"10":{"start":{"line":28,"column":41},"end":{"line":28,"column":92}},"11":{"start":{"line":30,"column":2},"end":{"line":30,"column":28}}},"fnMap":{"0":{"name":"(anonymous_0)","decl":{"start":{"line":12,"column":46},"end":{"line":12,"column":47}},"loc":{"start":{"line":12,"column":86},"end":{"line":31,"column":1}},"line":12}},"branchMap":{"0":{"loc":{"start":{"line":25,"column":2},"end":{"line":25,"column":42}},"type":"if","locations":[{"start":{"line":25,"column":2},"end":{"line":25,"column":42}},{"start":{"line":25,"column":2},"end":{"line":25,"column":42}}],"line":25},"1":{"loc":{"start":{"line":26,"column":2},"end":{"line":26,"column":42}},"type":"if","locations":[{"start":{"line":26,"column":2},"end":{"line":26,"column":42}},{"start":{"line":26,"column":2},"end":{"line":26,"column":42}}],"line":26},"2":{"loc":{"start":{"line":27,"column":2},"end":{"line":27,"column":90}},"type":"if","locations":[{"start":{"line":27,"column":2},"end":{"line":27,"column":90}},{"start":{"line":27,"column":2},"end":{"line":27,"column":90}}],"line":27},"3":{"loc":{"start":{"line":28,"column":2},"end":{"line":28,"column":94}},"type":"if","locations":[{"start":{"line":28,"column":2},"end":{"line":28,"column":94}},{"start":{"line":28,"column":2},"end":{"line":28,"column":94}}],"line":28}},"s":{"0":2,"1":5,"2":5,"3":5,"4":1,"5":5,"6":1,"7":5,"8":1,"9":5,"10":1,"11":5},"f":{"0":5},"b":{"0":[1,4],"1":[1,4],"2":[1,4],"3":[1,4]},"_coverageSchema":"332fd63041d2c1bcb487cc26dd0d5f7d97098a6c","hash":"09a3208c902cdfbebc5a10c1a1127d21cd8f5c71"}
,"/home/mango/code/react-eyedrop/src/validate-pick-radius.js": {"path":"/home/mango/code/react-eyedrop/src/validate-pick-radius.js","statementMap":{"0":{"start":{"line":5,"column":35},"end":{"line":5,"column":36}},"1":{"start":{"line":6,"column":35},"end":{"line":6,"column":38}},"2":{"start":{"line":8,"column":34},"end":{"line":12,"column":1}},"3":{"start":{"line":9,"column":2},"end":{"line":11,"column":3}},"4":{"start":{"line":10,"column":4},"end":{"line":10,"column":41}}},"fnMap":{"0":{"name":"(anonymous_0)","decl":{"start":{"line":8,"column":34},"end":{"line":8,"column":35}},"loc":{"start":{"line":8,"column":58},"end":{"line":12,"column":1}},"line":8}},"branchMap":{"0":{"loc":{"start":{"line":9,"column":2},"end":{"line":11,"column":3}},"type":"if","locations":[{"start":{"line":9,"column":2},"end":{"line":11,"column":3}},{"start":{"line":9,"column":2},"end":{"line":11,"column":3}}],"line":9},"1":{"loc":{"start":{"line":9,"column":6},"end":{"line":9,"column":74}},"type":"binary-expr","locations":[{"start":{"line":9,"column":6},"end":{"line":9,"column":38}},{"start":{"line":9,"column":42},"end":{"line":9,"column":74}}],"line":9}},"s":{"0":1,"1":1,"2":1,"3":3,"4":2},"f":{"0":3},"b":{"0":[2,1],"1":[3,2]},"_coverageSchema":"332fd63041d2c1bcb487cc26dd0d5f7d97098a6c","hash":"b63237a15dfe68d3f60ab2dbf5a58f4c4d81539f"}
,"/home/mango/code/react-eyedrop/src/constants/errors.js": {"path":"/home/mango/code/react-eyedrop/src/constants/errors.js","statementMap":{"0":{"start":{"line":3,"column":26},"end":{"line":17,"column":1}},"1":{"start":{"line":19,"column":47},"end":{"line":19,"column":109}},"2":{"start":{"line":21,"column":46},"end":{"line":21,"column":94}},"3":{"start":{"line":23,"column":43},"end":{"line":23,"column":98}},"4":{"start":{"line":25,"column":39},"end":{"line":25,"column":91}},"5":{"start":{"line":27,"column":40},"end":{"line":27,"column":99}}},"fnMap":{},"branchMap":{},"s":{"0":4,"1":4,"2":4,"3":4,"4":4,"5":4},"f":{},"b":{},"_coverageSchema":"332fd63041d2c1bcb487cc26dd0d5f7d97098a6c","hash":"3f42794cff5338fd1f59f282969af8276c1f8ef3"}
}
