TN:
SF:/home/mango/code/react-eyedrop/setupEnzyme.js
FNF:0
FNH:0
DA:4,7
LF:1
LH:1
BRF:0
BRH:0
end_of_record
TN:
SF:/home/mango/code/react-eyedrop/src/calc-average-color.js
FN:9,(anonymous_0)
FN:24,(anonymous_1)
FNF:2
FNH:2
FNDA:6,(anonymous_0)
FNDA:2,(anonymous_1)
DA:9,1
DA:10,6
DA:12,6
DA:13,3
DA:16,3
DA:17,1
DA:20,2
DA:21,1
DA:24,1
DA:25,2
DA:26,2
DA:27,2
DA:28,2
DA:31,1
LF:14
LH:14
BRDA:12,0,0,3
BRDA:12,0,1,3
BRDA:12,1,0,6
BRDA:12,1,1,4
BRDA:16,2,0,1
BRDA:16,2,1,2
BRDA:20,3,0,1
BRDA:20,3,1,1
BRF:8
BRH:8
end_of_record
TN:
SF:/home/mango/code/react-eyedrop/src/get-canvas-block-colors.js
FN:7,(anonymous_0)
FNF:1
FNH:1
FNDA:2,(anonymous_0)
DA:7,1
DA:14,2
DA:15,1
DA:17,1
DA:19,1
DA:28,1
DA:35,1
DA:36,1
DA:37,225
DA:38,225
DA:40,1
LF:11
LH:11
BRDA:14,0,0,1
BRDA:14,0,1,1
BRF:2
BRH:2
end_of_record
TN:
SF:/home/mango/code/react-eyedrop/src/image-to-canvas.js
FN:5,(anonymous_0)
FNF:1
FNH:1
FNDA:2,(anonymous_0)
DA:5,1
DA:6,2
DA:7,1
DA:9,1
DA:10,1
DA:11,1
DA:12,1
DA:13,1
DA:14,1
LF:9
LH:9
BRDA:6,0,0,1
BRDA:6,0,1,1
BRF:2
BRH:2
end_of_record
TN:
SF:/home/mango/code/react-eyedrop/src/parse-rgb.js
FN:5,(anonymous_0)
FNF:1
FNH:1
FNDA:2,(anonymous_0)
DA:5,2
LF:1
LH:1
BRF:0
BRH:0
end_of_record
TN:
SF:/home/mango/code/react-eyedrop/src/rgb-to-hex.js
FN:5,(anonymous_0)
FN:13,(anonymous_1)
FNF:2
FNH:2
FNDA:6,(anonymous_0)
FNDA:2,(anonymous_1)
DA:5,1
DA:6,6
DA:7,6
DA:8,3
DA:10,6
DA:13,1
DA:18,2
DA:19,2
DA:20,2
DA:21,2
DA:22,2
LF:11
LH:11
BRDA:7,0,0,3
BRDA:7,0,1,3
BRF:2
BRH:2
end_of_record
TN:
SF:/home/mango/code/react-eyedrop/src/validate-canvas-extraction-values.js
FN:12,(anonymous_0)
FNF:1
FNH:1
FNDA:5,(anonymous_0)
DA:12,2
DA:21,5
DA:23,5
DA:25,5
DA:26,5
DA:27,5
DA:28,5
DA:30,5
LF:8
LH:8
BRDA:25,0,0,1
BRDA:25,0,1,4
BRDA:26,1,0,1
BRDA:26,1,1,4
BRDA:27,2,0,1
BRDA:27,2,1,4
BRDA:28,3,0,1
BRDA:28,3,1,4
BRF:8
BRH:8
end_of_record
TN:
SF:/home/mango/code/react-eyedrop/src/validate-pick-radius.js
FN:8,(anonymous_0)
FNF:1
FNH:1
FNDA:3,(anonymous_0)
DA:5,1
DA:6,1
DA:8,1
DA:9,3
DA:10,2
LF:5
LH:5
BRDA:9,0,0,2
BRDA:9,0,1,1
BRDA:9,1,0,3
BRDA:9,1,1,2
BRF:4
BRH:4
end_of_record
TN:
SF:/home/mango/code/react-eyedrop/src/constants/errors.js
FNF:0
FNH:0
DA:3,4
DA:19,4
DA:21,4
DA:23,4
DA:25,4
DA:27,4
LF:6
LH:6
BRF:0
BRH:0
end_of_record
