TN:
SF:src/calcAverageColor.ts
FN:7,(anonymous_0)
FN:22,(anonymous_1)
FNF:2
FNH:2
FNDA:6,(anonymous_0)
FNDA:2,(anonymous_1)
DA:1,1
DA:7,1
DA:8,6
DA:10,6
DA:11,3
DA:14,3
DA:15,1
DA:18,2
DA:19,1
DA:22,1
DA:23,2
DA:24,2
DA:25,2
DA:26,2
DA:29,1
LF:15
LH:15
BRDA:10,0,0,3
BRDA:10,0,1,3
BRDA:10,1,0,6
BRDA:10,1,1,4
BRDA:14,2,0,1
BRDA:14,2,1,2
BRDA:18,3,0,1
BRDA:18,3,1,1
BRF:8
BRH:8
end_of_record
TN:
SF:src/getCanvasBlockColors.ts
FN:5,(anonymous_0)
FNF:1
FNH:1
FNDA:2,(anonymous_0)
DA:1,1
DA:3,1
DA:5,1
DA:12,2
DA:13,1
DA:15,1
DA:17,1
DA:26,1
DA:33,1
DA:34,1
DA:35,225
DA:36,225
DA:42,1
LF:13
LH:13
BRDA:12,0,0,1
BRDA:12,0,1,1
BRF:2
BRH:2
end_of_record
TN:
SF:src/imageToCanvas.ts
FN:3,(anonymous_0)
FN:8,(anonymous_1)
FN:15,(anonymous_2)
FNF:3
FNH:2
FNDA:2,(anonymous_0)
FNDA:1,(anonymous_1)
FNDA:0,(anonymous_2)
DA:1,1
DA:3,1
DA:4,2
DA:5,1
DA:8,1
DA:9,1
DA:10,1
DA:11,1
DA:12,1
DA:15,1
DA:16,0
DA:17,0
DA:19,1
DA:20,1
DA:21,1
DA:22,1
DA:23,1
DA:24,1
DA:25,1
LF:19
LH:17
BRDA:4,0,0,1
BRDA:4,0,1,1
BRF:2
BRH:2
end_of_record
TN:
SF:src/parseRgb.ts
FN:3,(anonymous_0)
FNF:1
FNH:1
FNDA:2,(anonymous_0)
DA:3,2
LF:1
LH:1
BRF:0
BRH:0
end_of_record
TN:
SF:src/rgbToHex.ts
FN:3,(anonymous_0)
FN:11,(anonymous_1)
FNF:2
FNH:2
FNDA:6,(anonymous_0)
FNDA:2,(anonymous_1)
DA:3,1
DA:4,6
DA:5,6
DA:6,3
DA:8,6
DA:11,1
DA:16,2
DA:17,2
DA:18,2
DA:19,2
DA:20,2
LF:11
LH:11
BRDA:5,0,0,3
BRDA:5,0,1,3
BRF:2
BRH:2
end_of_record
TN:
SF:src/validateCanvasExtractionValues.ts
FN:10,(anonymous_0)
FNF:1
FNH:1
FNDA:5,(anonymous_0)
DA:10,2
DA:19,5
DA:21,5
DA:23,5
DA:24,5
DA:25,5
DA:26,5
DA:28,5
LF:8
LH:8
BRDA:23,0,0,1
BRDA:23,0,1,4
BRDA:24,1,0,1
BRDA:24,1,1,4
BRDA:25,2,0,1
BRDA:25,2,1,4
BRDA:26,3,0,1
BRDA:26,3,1,4
BRF:8
BRH:8
end_of_record
TN:
SF:src/validatePickRadius.ts
FN:6,(anonymous_0)
FNF:1
FNH:1
FNDA:3,(anonymous_0)
DA:1,1
DA:3,1
DA:4,1
DA:6,1
DA:7,3
DA:8,2
LF:6
LH:6
BRDA:7,0,0,2
BRDA:7,0,1,1
BRDA:7,1,0,3
BRDA:7,1,1,2
BRF:4
BRH:4
end_of_record
TN:
SF:src/constants/errors.ts
FNF:0
FNH:0
DA:1,4
DA:17,4
DA:19,4
DA:21,4
DA:23,4
DA:25,4
LF:6
LH:6
BRF:0
BRH:0
end_of_record
